<?xml version="1.0" encoding="UTF-8"?>
<!-- Generated by org.testng.reporters.JUnitReportReporter -->
<testsuite hostname="Nitin" failures="0" tests="2" name="com.w3schools.tests.LoginTest" time="43.959" errors="0" timestamp="2023-08-19T10:44:50 IST" skipped="0">
  <testcase classname="com.w3schools.tests.LoginTest" name="loginWithValidCredentials" time="14.589"/>
  <system-out/>
  <testcase classname="com.w3schools.tests.LoginTest" name="loginWithInvalidEmail" time="29.370"/>
  <system-out/>
</testsuite> <!-- com.w3schools.tests.LoginTest -->
