<?xml version="1.0" encoding="UTF-8"?>
<!-- Generated by org.testng.reporters.JUnitReportReporter -->
<testsuite hostname="Nitin" failures="0" tests="1" name="com.w3schools.tests.LoginTest" time="17.299" errors="0" timestamp="2023-08-21T10:52:41 IST" skipped="0">
  <testcase classname="com.w3schools.tests.LoginTest" name="loginWithValidCredentials" time="17.299"/>
  <system-out/>
</testsuite> <!-- com.w3schools.tests.LoginTest -->
